Analysis & Synthesis report for DE2_TOP
Sun May 12 17:47:23 2013
Quartus II 32-bit Version 12.1 Build 177 11/07/2012 SJ Full Version


---------------------
; Table of Contents ;
---------------------
  1. Legal Notice
  2. Analysis & Synthesis Summary
  3. Analysis & Synthesis Settings
  4. Parallel Compilation
  5. Analysis & Synthesis Source Files Read
  6. Analysis & Synthesis Resource Usage Summary
  7. Analysis & Synthesis Resource Utilization by Entity
  8. Registers Removed During Synthesis
  9. General Register Statistics
 10. Port Connectivity Checks: "lab1:U_6502|hex7seg:h0"
 11. Port Connectivity Checks: "lab1:U_6502|hex7seg:h1"
 12. Port Connectivity Checks: "lab1:U_6502|hex7seg:h4"
 13. Port Connectivity Checks: "lab1:U_6502|hex7seg:h5"
 14. Port Connectivity Checks: "lab1:U_6502|hex7seg:h6"
 15. Port Connectivity Checks: "lab1:U_6502|hex7seg:h7"
 16. Port Connectivity Checks: "lab1:U_6502|raminfr:ram"
 17. Elapsed Time Per Partition
 18. Analysis & Synthesis Messages



----------------
; Legal Notice ;
----------------
Copyright (C) 1991-2012 Altera Corporation
Your use of Altera Corporation's design tools, logic functions 
and other software and tools, and its AMPP partner logic 
functions, and any output files from any of the foregoing 
(including device programming or simulation files), and any 
associated documentation or information are expressly subject 
to the terms and conditions of the Altera Program License 
Subscription Agreement, Altera MegaCore Function License 
Agreement, or other applicable license agreement, including, 
without limitation, that your use is for the sole purpose of 
programming logic devices manufactured by Altera and sold by 
Altera or its authorized distributors.  Please refer to the 
applicable agreement for further details.



+--------------------------------------------------------------------------------+
; Analysis & Synthesis Summary                                                   ;
+------------------------------------+-------------------------------------------+
; Analysis & Synthesis Status        ; Successful - Sun May 12 17:47:22 2013     ;
; Quartus II 32-bit Version          ; 12.1 Build 177 11/07/2012 SJ Full Version ;
; Revision Name                      ; DE2_TOP                                   ;
; Top-level Entity Name              ; DE2_TOP                                   ;
; Family                             ; Cyclone II                                ;
; Total logic elements               ; 0                                         ;
;     Total combinational functions  ; 0                                         ;
;     Dedicated logic registers      ; 0                                         ;
; Total registers                    ; 0                                         ;
; Total pins                         ; 425                                       ;
; Total virtual pins                 ; 0                                         ;
; Total memory bits                  ; 0                                         ;
; Embedded Multiplier 9-bit elements ; 0                                         ;
; Total PLLs                         ; 0                                         ;
+------------------------------------+-------------------------------------------+


+----------------------------------------------------------------------------------------------------------------------+
; Analysis & Synthesis Settings                                                                                        ;
+----------------------------------------------------------------------------+--------------------+--------------------+
; Option                                                                     ; Setting            ; Default Value      ;
+----------------------------------------------------------------------------+--------------------+--------------------+
; Device                                                                     ; EP2C35F672C6       ;                    ;
; Top-level entity name                                                      ; DE2_TOP            ; DE2_TOP            ;
; Family name                                                                ; Cyclone II         ; Cyclone IV GX      ;
; Use smart compilation                                                      ; Off                ; Off                ;
; Enable parallel Assembler and TimeQuest Timing Analyzer during compilation ; On                 ; On                 ;
; Enable compact report table                                                ; Off                ; Off                ;
; Restructure Multiplexers                                                   ; Auto               ; Auto               ;
; Create Debugging Nodes for IP Cores                                        ; Off                ; Off                ;
; Preserve fewer node names                                                  ; On                 ; On                 ;
; Disable OpenCore Plus hardware evaluation                                  ; Off                ; Off                ;
; Verilog Version                                                            ; Verilog_2001       ; Verilog_2001       ;
; VHDL Version                                                               ; VHDL_1993          ; VHDL_1993          ;
; State Machine Processing                                                   ; Auto               ; Auto               ;
; Safe State Machine                                                         ; Off                ; Off                ;
; Extract Verilog State Machines                                             ; On                 ; On                 ;
; Extract VHDL State Machines                                                ; On                 ; On                 ;
; Ignore Verilog initial constructs                                          ; Off                ; Off                ;
; Iteration limit for constant Verilog loops                                 ; 5000               ; 5000               ;
; Iteration limit for non-constant Verilog loops                             ; 250                ; 250                ;
; Add Pass-Through Logic to Inferred RAMs                                    ; On                 ; On                 ;
; Infer RAMs from Raw Logic                                                  ; On                 ; On                 ;
; Parallel Synthesis                                                         ; Off                ; Off                ;
; DSP Block Balancing                                                        ; Auto               ; Auto               ;
; NOT Gate Push-Back                                                         ; On                 ; On                 ;
; Power-Up Don't Care                                                        ; On                 ; On                 ;
; Remove Redundant Logic Cells                                               ; Off                ; Off                ;
; Remove Duplicate Registers                                                 ; On                 ; On                 ;
; Ignore CARRY Buffers                                                       ; Off                ; Off                ;
; Ignore CASCADE Buffers                                                     ; Off                ; Off                ;
; Ignore GLOBAL Buffers                                                      ; Off                ; Off                ;
; Ignore ROW GLOBAL Buffers                                                  ; Off                ; Off                ;
; Ignore LCELL Buffers                                                       ; Off                ; Off                ;
; Ignore SOFT Buffers                                                        ; On                 ; On                 ;
; Limit AHDL Integers to 32 Bits                                             ; Off                ; Off                ;
; Optimization Technique                                                     ; Balanced           ; Balanced           ;
; Carry Chain Length                                                         ; 70                 ; 70                 ;
; Auto Carry Chains                                                          ; On                 ; On                 ;
; Auto Open-Drain Pins                                                       ; On                 ; On                 ;
; Perform WYSIWYG Primitive Resynthesis                                      ; Off                ; Off                ;
; Auto ROM Replacement                                                       ; On                 ; On                 ;
; Auto RAM Replacement                                                       ; On                 ; On                 ;
; Auto Shift Register Replacement                                            ; Auto               ; Auto               ;
; Allow Shift Register Merging across Hierarchies                            ; Auto               ; Auto               ;
; Auto Clock Enable Replacement                                              ; On                 ; On                 ;
; Strict RAM Replacement                                                     ; Off                ; Off                ;
; Allow Synchronous Control Signals                                          ; On                 ; On                 ;
; Force Use of Synchronous Clear Signals                                     ; Off                ; Off                ;
; Auto RAM to Logic Cell Conversion                                          ; Off                ; Off                ;
; Auto Resource Sharing                                                      ; Off                ; Off                ;
; Allow Any RAM Size For Recognition                                         ; Off                ; Off                ;
; Allow Any ROM Size For Recognition                                         ; Off                ; Off                ;
; Allow Any Shift Register Size For Recognition                              ; Off                ; Off                ;
; Use LogicLock Constraints during Resource Balancing                        ; On                 ; On                 ;
; Ignore translate_off and synthesis_off directives                          ; Off                ; Off                ;
; Timing-Driven Synthesis                                                    ; Off                ; Off                ;
; Report Parameter Settings                                                  ; On                 ; On                 ;
; Report Source Assignments                                                  ; On                 ; On                 ;
; Report Connectivity Checks                                                 ; On                 ; On                 ;
; Ignore Maximum Fan-Out Assignments                                         ; Off                ; Off                ;
; Synchronization Register Chain Length                                      ; 2                  ; 2                  ;
; PowerPlay Power Optimization                                               ; Normal compilation ; Normal compilation ;
; HDL message level                                                          ; Level2             ; Level2             ;
; Suppress Register Optimization Related Messages                            ; Off                ; Off                ;
; Number of Removed Registers Reported in Synthesis Report                   ; 5000               ; 5000               ;
; Number of Swept Nodes Reported in Synthesis Report                         ; 5000               ; 5000               ;
; Number of Inverted Registers Reported in Synthesis Report                  ; 100                ; 100                ;
; Clock MUX Protection                                                       ; On                 ; On                 ;
; Auto Gated Clock Conversion                                                ; Off                ; Off                ;
; Block Design Naming                                                        ; Auto               ; Auto               ;
; SDC constraint protection                                                  ; Off                ; Off                ;
; Synthesis Effort                                                           ; Auto               ; Auto               ;
; Shift Register Replacement - Allow Asynchronous Clear Signal               ; On                 ; On                 ;
; Pre-Mapping Resynthesis Optimization                                       ; Off                ; Off                ;
; Analysis & Synthesis Message Level                                         ; Medium             ; Medium             ;
; Disable Register Merging Across Hierarchies                                ; Auto               ; Auto               ;
; Resource Aware Inference For Block RAM                                     ; On                 ; On                 ;
; Synthesis Seed                                                             ; 1                  ; 1                  ;
+----------------------------------------------------------------------------+--------------------+--------------------+


+------------------------------------------+
; Parallel Compilation                     ;
+----------------------------+-------------+
; Processors                 ; Number      ;
+----------------------------+-------------+
; Number detected on machine ; 2           ;
; Maximum allowed            ; 2           ;
;                            ;             ;
; Average used               ; 1.00        ;
; Maximum used               ; 1           ;
;                            ;             ;
; Usage by Processor         ; % Time Used ;
;     1 processor            ; 100.0%      ;
;     2 processors           ;   0.0%      ;
+----------------------------+-------------+


+-------------------------------------------------------------------------------------------------------------------------------------------------------------------------+
; Analysis & Synthesis Source Files Read                                                                                                                                  ;
+----------------------------------+-----------------+-----------------+----------------------------------------------------------------------------------------+---------+
; File Name with User-Entered Path ; Used in Netlist ; File Type       ; File Name with Absolute Path                                                           ; Library ;
+----------------------------------+-----------------+-----------------+----------------------------------------------------------------------------------------+---------+
; DE2_IO.vhd                       ; yes             ; User VHDL File  ; /home/user2/spring13/afe2104/EmbeddedSystems/EmbeddedSysFinalProject/vhdl/DE2_IO.vhd   ;         ;
; hextoseg.vhd                     ; yes             ; User VHDL File  ; /home/user2/spring13/afe2104/EmbeddedSystems/EmbeddedSysFinalProject/vhdl/hextoseg.vhd ;         ;
; DE2_TOP.vhd                      ; yes             ; User VHDL File  ; /home/user2/spring13/afe2104/EmbeddedSystems/EmbeddedSysFinalProject/vhdl/DE2_TOP.vhd  ;         ;
+----------------------------------+-----------------+-----------------+----------------------------------------------------------------------------------------+---------+


+-----------------------------------------------------+
; Analysis & Synthesis Resource Usage Summary         ;
+---------------------------------------------+-------+
; Resource                                    ; Usage ;
+---------------------------------------------+-------+
;                                             ;       ;
; Total combinational functions               ; 0     ;
; Logic element usage by number of LUT inputs ;       ;
;     -- 4 input functions                    ; 0     ;
;     -- 3 input functions                    ; 0     ;
;     -- <=2 input functions                  ; 0     ;
;                                             ;       ;
; Logic elements by mode                      ;       ;
;     -- normal mode                          ; 0     ;
;     -- arithmetic mode                      ; 0     ;
;                                             ;       ;
; Total registers                             ; 0     ;
;     -- Dedicated logic registers            ; 0     ;
;     -- I/O registers                        ; 0     ;
;                                             ;       ;
; I/O pins                                    ; 425   ;
; Embedded Multiplier 9-bit elements          ; 0     ;
; Maximum fan-out                             ; 1     ;
; Total fan-out                               ; 18    ;
; Average fan-out                             ; 0.04  ;
+---------------------------------------------+-------+


+-----------------------------------------------------------------------------------------------------------------------------------------------------------------------------+
; Analysis & Synthesis Resource Utilization by Entity                                                                                                                         ;
+----------------------------+-------------------+--------------+-------------+--------------+---------+-----------+------+--------------+---------------------+--------------+
; Compilation Hierarchy Node ; LC Combinationals ; LC Registers ; Memory Bits ; DSP Elements ; DSP 9x9 ; DSP 18x18 ; Pins ; Virtual Pins ; Full Hierarchy Name ; Library Name ;
+----------------------------+-------------------+--------------+-------------+--------------+---------+-----------+------+--------------+---------------------+--------------+
; |DE2_TOP                   ; 0 (0)             ; 0 (0)        ; 0           ; 0            ; 0       ; 0         ; 425  ; 0            ; |DE2_TOP            ;              ;
+----------------------------+-------------------+--------------+-------------+--------------+---------+-----------+------+--------------+---------------------+--------------+
Note: For table entries with two numbers listed, the numbers in parentheses indicate the number of resources of the given type used by the specific entity alone. The numbers listed outside of parentheses indicate the total resources of the given type used by the specific entity and all of its sub-entities in the hierarchy.


+---------------------------------------------------------------------------------+
; Registers Removed During Synthesis                                              ;
+----------------------------------------+----------------------------------------+
; Register name                          ; Reason for Removal                     ;
+----------------------------------------+----------------------------------------+
; lab1:U_6502|raminfr:ram|read_a[0..15]  ; Stuck at GND due to stuck port data_in ;
; Total Number of Removed Registers = 16 ;                                        ;
+----------------------------------------+----------------------------------------+


+------------------------------------------------------+
; General Register Statistics                          ;
+----------------------------------------------+-------+
; Statistic                                    ; Value ;
+----------------------------------------------+-------+
; Total registers                              ; 0     ;
; Number of registers using Synchronous Clear  ; 0     ;
; Number of registers using Synchronous Load   ; 0     ;
; Number of registers using Asynchronous Clear ; 0     ;
; Number of registers using Asynchronous Load  ; 0     ;
; Number of registers using Clock Enable       ; 0     ;
; Number of registers using Preset             ; 0     ;
+----------------------------------------------+-------+


+----------------------------------------------------+
; Port Connectivity Checks: "lab1:U_6502|hex7seg:h0" ;
+-------+-------+----------+-------------------------+
; Port  ; Type  ; Severity ; Details                 ;
+-------+-------+----------+-------------------------+
; input ; Input ; Info     ; Stuck at GND            ;
+-------+-------+----------+-------------------------+


+----------------------------------------------------+
; Port Connectivity Checks: "lab1:U_6502|hex7seg:h1" ;
+-------+-------+----------+-------------------------+
; Port  ; Type  ; Severity ; Details                 ;
+-------+-------+----------+-------------------------+
; input ; Input ; Info     ; Stuck at GND            ;
+-------+-------+----------+-------------------------+


+----------------------------------------------------+
; Port Connectivity Checks: "lab1:U_6502|hex7seg:h4" ;
+-------+-------+----------+-------------------------+
; Port  ; Type  ; Severity ; Details                 ;
+-------+-------+----------+-------------------------+
; input ; Input ; Info     ; Stuck at GND            ;
+-------+-------+----------+-------------------------+


+----------------------------------------------------+
; Port Connectivity Checks: "lab1:U_6502|hex7seg:h5" ;
+-------+-------+----------+-------------------------+
; Port  ; Type  ; Severity ; Details                 ;
+-------+-------+----------+-------------------------+
; input ; Input ; Info     ; Stuck at GND            ;
+-------+-------+----------+-------------------------+


+----------------------------------------------------+
; Port Connectivity Checks: "lab1:U_6502|hex7seg:h6" ;
+-------+-------+----------+-------------------------+
; Port  ; Type  ; Severity ; Details                 ;
+-------+-------+----------+-------------------------+
; input ; Input ; Info     ; Stuck at GND            ;
+-------+-------+----------+-------------------------+


+----------------------------------------------------+
; Port Connectivity Checks: "lab1:U_6502|hex7seg:h7" ;
+-------+-------+----------+-------------------------+
; Port  ; Type  ; Severity ; Details                 ;
+-------+-------+----------+-------------------------+
; input ; Input ; Info     ; Stuck at GND            ;
+-------+-------+----------+-------------------------+


+---------------------------------------------------------------------------------------------------------------------+
; Port Connectivity Checks: "lab1:U_6502|raminfr:ram"                                                                 ;
+------------+-------+----------+-------------------------------------------------------------------------------------+
; Port       ; Type  ; Severity ; Details                                                                             ;
+------------+-------+----------+-------------------------------------------------------------------------------------+
; r_w        ; Input ; Info     ; Stuck at VCC                                                                        ;
; addr       ; Input ; Info     ; Stuck at GND                                                                        ;
; data[7..4] ; Bidir ; Warning  ; Connected to dangling logic. Logic that only feeds a dangling port will be removed. ;
+------------+-------+----------+-------------------------------------------------------------------------------------+


+-------------------------------+
; Elapsed Time Per Partition    ;
+----------------+--------------+
; Partition Name ; Elapsed Time ;
+----------------+--------------+
; Top            ; 00:00:04     ;
+----------------+--------------+


+-------------------------------+
; Analysis & Synthesis Messages ;
+-------------------------------+
Info: *******************************************************************
Info: Running Quartus II 32-bit Analysis & Synthesis
    Info: Version 12.1 Build 177 11/07/2012 SJ Full Version
    Info: Processing started: Sun May 12 17:47:13 2013
Info: Command: quartus_map --read_settings_files=on --write_settings_files=off DE2_TOP -c DE2_TOP
Info (20030): Parallel compilation is enabled and will use 2 of the 2 processors detected
Info (12021): Found 4 design units, including 2 entities, in source file DE2_IO.vhd
    Info (12022): Found design unit 1: raminfr-rtl
    Info (12022): Found design unit 2: lab1-rtl
    Info (12023): Found entity 1: raminfr
    Info (12023): Found entity 2: lab1
Info (12021): Found 2 design units, including 1 entities, in source file memory_async.vhd
    Info (12022): Found design unit 1: memory_async-rtl
    Info (12023): Found entity 1: memory_async
Info (12021): Found 2 design units, including 1 entities, in source file alu.vhd
    Info (12022): Found design unit 1: ALU-rtl
    Info (12023): Found entity 1: ALU
Info (12021): Found 2 design units, including 1 entities, in source file CPU_tb.vhd
    Info (12022): Found design unit 1: CPU_tb-tb
    Info (12023): Found entity 1: CPU_tb
Info (12021): Found 2 design units, including 1 entities, in source file CPU.vhd
    Info (12022): Found design unit 1: CPU-rtl
    Info (12023): Found entity 1: CPU
Info (12021): Found 2 design units, including 1 entities, in source file Predecode_tb.vhd
    Info (12022): Found design unit 1: Predecode_tb-tb
    Info (12023): Found entity 1: Predecode_tb
Info (12021): Found 2 design units, including 1 entities, in source file DFF_tb.vhd
    Info (12022): Found design unit 1: DFF_tb-tb
    Info (12023): Found entity 1: DFF_tb
Info (12021): Found 2 design units, including 1 entities, in source file TG.vhd
    Info (12022): Found design unit 1: TG-rtl
    Info (12023): Found entity 1: TG
Info (12021): Found 2 design units, including 1 entities, in source file hextoseg.vhd
    Info (12022): Found design unit 1: hex7seg-combinational
    Info (12023): Found entity 1: hex7seg
Info (12021): Found 5 design units, including 2 entities, in source file program.vhd
    Info (12022): Found design unit 1: ROM-rtl
    Info (12022): Found design unit 2: SixFiveO2_package
    Info (12022): Found design unit 3: program-tb
    Info (12023): Found entity 1: ROM
    Info (12023): Found entity 2: program
Info (12021): Found 2 design units, including 1 entities, in source file memory_sync.vhd
    Info (12022): Found design unit 1: memory_sync-behav
    Info (12023): Found entity 1: memory_sync
Info (12021): Found 2 design units, including 1 entities, in source file Predecode.vhd
    Info (12022): Found design unit 1: Predecode-rtl
    Info (12023): Found entity 1: Predecode
Info (12021): Found 3 design units, including 1 entities, in source file memory_sync_tb.vhd
    Info (12022): Found design unit 1: memory_sync_tb-TB
    Info (12022): Found design unit 2: CFG_TB
    Info (12023): Found entity 1: memory_sync_tb
Info (12021): Found 2 design units, including 1 entities, in source file program_tb.vhd
    Info (12022): Found design unit 1: program_tb-TB
    Info (12023): Found entity 1: program_tb
Info (12021): Found 2 design units, including 1 entities, in source file SixFiveO2.vhd
    Info (12022): Found design unit 1: SixFiveO2-imp
    Info (12023): Found entity 1: SixFiveO2
Info (12021): Found 2 design units, including 1 entities, in source file SixFiveO2_tb.vhd
    Info (12022): Found design unit 1: SixFiveO2_tb-tb
    Info (12023): Found entity 1: SixFiveO2_tb
Info (12021): Found 5 design units, including 1 entities, in source file alu_tb.vhd
    Info (12022): Found design unit 1: ALU_package
    Info (12022): Found design unit 2: ALU_package-body
    Info (12022): Found design unit 3: ALU_TB-TB
    Info (12022): Found design unit 4: CFG_ALU_TB
    Info (12023): Found entity 1: ALU_TB
Info (12021): Found 2 design units, including 1 entities, in source file DE2_TOP.vhd
    Info (12022): Found design unit 1: DE2_TOP-datapath
    Info (12023): Found entity 1: DE2_TOP
Info (12127): Elaborating entity "DE2_TOP" for the top level hierarchy
Info (12128): Elaborating entity "lab1" for hierarchy "lab1:U_6502"
Warning (10540): VHDL Signal Declaration warning at DE2_IO.vhd(188): used explicit default value for signal "r_w" because signal was never assigned a value
Warning (10540): VHDL Signal Declaration warning at DE2_IO.vhd(189): used explicit default value for signal "Addrbus" because signal was never assigned a value
Warning (10540): VHDL Signal Declaration warning at DE2_IO.vhd(191): used explicit default value for signal "clock_cycles" because signal was never assigned a value
Info (12128): Elaborating entity "raminfr" for hierarchy "lab1:U_6502|raminfr:ram"
Info (12128): Elaborating entity "hex7seg" for hierarchy "lab1:U_6502|hex7seg:h7"
Info (276014): Found 1 instances of uninferred RAM logic
    Info (276007): RAM logic "lab1:U_6502|raminfr:ram|RAM" is uninferred due to asynchronous read logic
Warning (12241): 1 hierarchies have connectivity warnings - see the Connectivity Checks report folder
Warning (13024): Output pins are stuck at VCC or GND
    Warning (13410): Pin "HEX0[0]" is stuck at GND
    Warning (13410): Pin "HEX0[1]" is stuck at GND
    Warning (13410): Pin "HEX0[2]" is stuck at GND
    Warning (13410): Pin "HEX0[3]" is stuck at GND
    Warning (13410): Pin "HEX0[4]" is stuck at GND
    Warning (13410): Pin "HEX0[5]" is stuck at GND
    Warning (13410): Pin "HEX0[6]" is stuck at VCC
    Warning (13410): Pin "HEX1[0]" is stuck at GND
    Warning (13410): Pin "HEX1[1]" is stuck at GND
    Warning (13410): Pin "HEX1[2]" is stuck at GND
    Warning (13410): Pin "HEX1[3]" is stuck at GND
    Warning (13410): Pin "HEX1[4]" is stuck at GND
    Warning (13410): Pin "HEX1[5]" is stuck at GND
    Warning (13410): Pin "HEX1[6]" is stuck at VCC
    Warning (13410): Pin "HEX2[0]" is stuck at GND
    Warning (13410): Pin "HEX2[1]" is stuck at GND
    Warning (13410): Pin "HEX2[2]" is stuck at GND
    Warning (13410): Pin "HEX2[3]" is stuck at GND
    Warning (13410): Pin "HEX2[4]" is stuck at GND
    Warning (13410): Pin "HEX2[5]" is stuck at GND
    Warning (13410): Pin "HEX2[6]" is stuck at VCC
    Warning (13410): Pin "HEX3[0]" is stuck at GND
    Warning (13410): Pin "HEX3[1]" is stuck at GND
    Warning (13410): Pin "HEX3[2]" is stuck at GND
    Warning (13410): Pin "HEX3[3]" is stuck at GND
    Warning (13410): Pin "HEX3[4]" is stuck at GND
    Warning (13410): Pin "HEX3[5]" is stuck at GND
    Warning (13410): Pin "HEX3[6]" is stuck at VCC
    Warning (13410): Pin "HEX4[0]" is stuck at GND
    Warning (13410): Pin "HEX4[1]" is stuck at GND
    Warning (13410): Pin "HEX4[2]" is stuck at GND
    Warning (13410): Pin "HEX4[3]" is stuck at GND
    Warning (13410): Pin "HEX4[4]" is stuck at GND
    Warning (13410): Pin "HEX4[5]" is stuck at GND
    Warning (13410): Pin "HEX4[6]" is stuck at VCC
    Warning (13410): Pin "HEX5[0]" is stuck at GND
    Warning (13410): Pin "HEX5[1]" is stuck at GND
    Warning (13410): Pin "HEX5[2]" is stuck at GND
    Warning (13410): Pin "HEX5[3]" is stuck at GND
    Warning (13410): Pin "HEX5[4]" is stuck at GND
    Warning (13410): Pin "HEX5[5]" is stuck at GND
    Warning (13410): Pin "HEX5[6]" is stuck at VCC
    Warning (13410): Pin "HEX6[0]" is stuck at GND
    Warning (13410): Pin "HEX6[1]" is stuck at GND
    Warning (13410): Pin "HEX6[2]" is stuck at GND
    Warning (13410): Pin "HEX6[3]" is stuck at GND
    Warning (13410): Pin "HEX6[4]" is stuck at GND
    Warning (13410): Pin "HEX6[5]" is stuck at GND
    Warning (13410): Pin "HEX6[6]" is stuck at VCC
    Warning (13410): Pin "HEX7[0]" is stuck at GND
    Warning (13410): Pin "HEX7[1]" is stuck at GND
    Warning (13410): Pin "HEX7[2]" is stuck at GND
    Warning (13410): Pin "HEX7[3]" is stuck at GND
    Warning (13410): Pin "HEX7[4]" is stuck at GND
    Warning (13410): Pin "HEX7[5]" is stuck at GND
    Warning (13410): Pin "HEX7[6]" is stuck at VCC
    Warning (13410): Pin "LEDG[0]" is stuck at VCC
    Warning (13410): Pin "LEDG[1]" is stuck at GND
    Warning (13410): Pin "LEDG[2]" is stuck at VCC
    Warning (13410): Pin "LEDG[3]" is stuck at GND
    Warning (13410): Pin "LEDG[4]" is stuck at VCC
    Warning (13410): Pin "LEDG[5]" is stuck at GND
    Warning (13410): Pin "LEDG[6]" is stuck at VCC
    Warning (13410): Pin "LEDG[7]" is stuck at GND
    Warning (13410): Pin "LEDG[8]" is stuck at VCC
    Warning (13410): Pin "UART_TXD" is stuck at GND
    Warning (13410): Pin "IRDA_TXD" is stuck at GND
    Warning (13410): Pin "DRAM_ADDR[0]" is stuck at GND
    Warning (13410): Pin "DRAM_ADDR[1]" is stuck at GND
    Warning (13410): Pin "DRAM_ADDR[2]" is stuck at GND
    Warning (13410): Pin "DRAM_ADDR[3]" is stuck at GND
    Warning (13410): Pin "DRAM_ADDR[4]" is stuck at GND
    Warning (13410): Pin "DRAM_ADDR[5]" is stuck at GND
    Warning (13410): Pin "DRAM_ADDR[6]" is stuck at GND
    Warning (13410): Pin "DRAM_ADDR[7]" is stuck at GND
    Warning (13410): Pin "DRAM_ADDR[8]" is stuck at GND
    Warning (13410): Pin "DRAM_ADDR[9]" is stuck at GND
    Warning (13410): Pin "DRAM_ADDR[10]" is stuck at GND
    Warning (13410): Pin "DRAM_ADDR[11]" is stuck at GND
    Warning (13410): Pin "DRAM_LDQM" is stuck at GND
    Warning (13410): Pin "DRAM_UDQM" is stuck at GND
    Warning (13410): Pin "DRAM_WE_N" is stuck at VCC
    Warning (13410): Pin "DRAM_CAS_N" is stuck at VCC
    Warning (13410): Pin "DRAM_RAS_N" is stuck at VCC
    Warning (13410): Pin "DRAM_CS_N" is stuck at VCC
    Warning (13410): Pin "DRAM_BA_0" is stuck at GND
    Warning (13410): Pin "DRAM_BA_1" is stuck at GND
    Warning (13410): Pin "DRAM_CLK" is stuck at GND
    Warning (13410): Pin "DRAM_CKE" is stuck at GND
    Warning (13410): Pin "FL_ADDR[0]" is stuck at GND
    Warning (13410): Pin "FL_ADDR[1]" is stuck at GND
    Warning (13410): Pin "FL_ADDR[2]" is stuck at GND
    Warning (13410): Pin "FL_ADDR[3]" is stuck at GND
    Warning (13410): Pin "FL_ADDR[4]" is stuck at GND
    Warning (13410): Pin "FL_ADDR[5]" is stuck at GND
    Warning (13410): Pin "FL_ADDR[6]" is stuck at GND
    Warning (13410): Pin "FL_ADDR[7]" is stuck at GND
    Warning (13410): Pin "FL_ADDR[8]" is stuck at GND
    Warning (13410): Pin "FL_ADDR[9]" is stuck at GND
    Warning (13410): Pin "FL_ADDR[10]" is stuck at GND
    Warning (13410): Pin "FL_ADDR[11]" is stuck at GND
    Warning (13410): Pin "FL_ADDR[12]" is stuck at GND
    Warning (13410): Pin "FL_ADDR[13]" is stuck at GND
    Warning (13410): Pin "FL_ADDR[14]" is stuck at GND
    Warning (13410): Pin "FL_ADDR[15]" is stuck at GND
    Warning (13410): Pin "FL_ADDR[16]" is stuck at GND
    Warning (13410): Pin "FL_ADDR[17]" is stuck at GND
    Warning (13410): Pin "FL_ADDR[18]" is stuck at GND
    Warning (13410): Pin "FL_ADDR[19]" is stuck at GND
    Warning (13410): Pin "FL_ADDR[20]" is stuck at GND
    Warning (13410): Pin "FL_ADDR[21]" is stuck at GND
    Warning (13410): Pin "FL_WE_N" is stuck at VCC
    Warning (13410): Pin "FL_RST_N" is stuck at GND
    Warning (13410): Pin "FL_OE_N" is stuck at VCC
    Warning (13410): Pin "FL_CE_N" is stuck at VCC
    Warning (13410): Pin "SRAM_ADDR[0]" is stuck at GND
    Warning (13410): Pin "SRAM_ADDR[1]" is stuck at GND
    Warning (13410): Pin "SRAM_ADDR[2]" is stuck at GND
    Warning (13410): Pin "SRAM_ADDR[3]" is stuck at GND
    Warning (13410): Pin "SRAM_ADDR[4]" is stuck at GND
    Warning (13410): Pin "SRAM_ADDR[5]" is stuck at GND
    Warning (13410): Pin "SRAM_ADDR[6]" is stuck at GND
    Warning (13410): Pin "SRAM_ADDR[7]" is stuck at GND
    Warning (13410): Pin "SRAM_ADDR[8]" is stuck at GND
    Warning (13410): Pin "SRAM_ADDR[9]" is stuck at GND
    Warning (13410): Pin "SRAM_ADDR[10]" is stuck at GND
    Warning (13410): Pin "SRAM_ADDR[11]" is stuck at GND
    Warning (13410): Pin "SRAM_ADDR[12]" is stuck at GND
    Warning (13410): Pin "SRAM_ADDR[13]" is stuck at GND
    Warning (13410): Pin "SRAM_ADDR[14]" is stuck at GND
    Warning (13410): Pin "SRAM_ADDR[15]" is stuck at GND
    Warning (13410): Pin "SRAM_ADDR[16]" is stuck at GND
    Warning (13410): Pin "SRAM_ADDR[17]" is stuck at GND
    Warning (13410): Pin "SRAM_UB_N" is stuck at VCC
    Warning (13410): Pin "SRAM_LB_N" is stuck at VCC
    Warning (13410): Pin "SRAM_WE_N" is stuck at VCC
    Warning (13410): Pin "SRAM_CE_N" is stuck at VCC
    Warning (13410): Pin "SRAM_OE_N" is stuck at VCC
    Warning (13410): Pin "OTG_ADDR[0]" is stuck at GND
    Warning (13410): Pin "OTG_ADDR[1]" is stuck at GND
    Warning (13410): Pin "OTG_CS_N" is stuck at VCC
    Warning (13410): Pin "OTG_RD_N" is stuck at VCC
    Warning (13410): Pin "OTG_WR_N" is stuck at VCC
    Warning (13410): Pin "OTG_RST_N" is stuck at VCC
    Warning (13410): Pin "OTG_FSPEED" is stuck at VCC
    Warning (13410): Pin "OTG_LSPEED" is stuck at VCC
    Warning (13410): Pin "OTG_DACK0_N" is stuck at VCC
    Warning (13410): Pin "OTG_DACK1_N" is stuck at VCC
    Warning (13410): Pin "LCD_ON" is stuck at VCC
    Warning (13410): Pin "LCD_BLON" is stuck at VCC
    Warning (13410): Pin "LCD_RW" is stuck at VCC
    Warning (13410): Pin "LCD_EN" is stuck at VCC
    Warning (13410): Pin "LCD_RS" is stuck at GND
    Warning (13410): Pin "SD_DAT3" is stuck at VCC
    Warning (13410): Pin "SD_CMD" is stuck at VCC
    Warning (13410): Pin "SD_CLK" is stuck at VCC
    Warning (13410): Pin "TDO" is stuck at GND
    Warning (13410): Pin "I2C_SCLK" is stuck at GND
    Warning (13410): Pin "VGA_CLK" is stuck at GND
    Warning (13410): Pin "VGA_HS" is stuck at GND
    Warning (13410): Pin "VGA_VS" is stuck at GND
    Warning (13410): Pin "VGA_BLANK" is stuck at GND
    Warning (13410): Pin "VGA_SYNC" is stuck at GND
    Warning (13410): Pin "VGA_R[0]" is stuck at GND
    Warning (13410): Pin "VGA_R[1]" is stuck at GND
    Warning (13410): Pin "VGA_R[2]" is stuck at GND
    Warning (13410): Pin "VGA_R[3]" is stuck at GND
    Warning (13410): Pin "VGA_R[4]" is stuck at GND
    Warning (13410): Pin "VGA_R[5]" is stuck at GND
    Warning (13410): Pin "VGA_R[6]" is stuck at GND
    Warning (13410): Pin "VGA_R[7]" is stuck at GND
    Warning (13410): Pin "VGA_R[8]" is stuck at GND
    Warning (13410): Pin "VGA_R[9]" is stuck at GND
    Warning (13410): Pin "VGA_G[0]" is stuck at GND
    Warning (13410): Pin "VGA_G[1]" is stuck at GND
    Warning (13410): Pin "VGA_G[2]" is stuck at GND
    Warning (13410): Pin "VGA_G[3]" is stuck at GND
    Warning (13410): Pin "VGA_G[4]" is stuck at GND
    Warning (13410): Pin "VGA_G[5]" is stuck at GND
    Warning (13410): Pin "VGA_G[6]" is stuck at GND
    Warning (13410): Pin "VGA_G[7]" is stuck at GND
    Warning (13410): Pin "VGA_G[8]" is stuck at GND
    Warning (13410): Pin "VGA_G[9]" is stuck at GND
    Warning (13410): Pin "VGA_B[0]" is stuck at GND
    Warning (13410): Pin "VGA_B[1]" is stuck at GND
    Warning (13410): Pin "VGA_B[2]" is stuck at GND
    Warning (13410): Pin "VGA_B[3]" is stuck at GND
    Warning (13410): Pin "VGA_B[4]" is stuck at GND
    Warning (13410): Pin "VGA_B[5]" is stuck at GND
    Warning (13410): Pin "VGA_B[6]" is stuck at GND
    Warning (13410): Pin "VGA_B[7]" is stuck at GND
    Warning (13410): Pin "VGA_B[8]" is stuck at GND
    Warning (13410): Pin "VGA_B[9]" is stuck at GND
    Warning (13410): Pin "ENET_CMD" is stuck at GND
    Warning (13410): Pin "ENET_CS_N" is stuck at VCC
    Warning (13410): Pin "ENET_WR_N" is stuck at VCC
    Warning (13410): Pin "ENET_RD_N" is stuck at VCC
    Warning (13410): Pin "ENET_RST_N" is stuck at VCC
    Warning (13410): Pin "ENET_CLK" is stuck at GND
    Warning (13410): Pin "AUD_DACDAT" is stuck at GND
    Warning (13410): Pin "AUD_XCK" is stuck at GND
    Warning (13410): Pin "TD_RESET" is stuck at GND
Info (16010): Generating hard_block partition "hard_block:auto_generated_inst"
    Info (16011): Adding 0 node(s), including 0 DDIO, 0 PLL, 0 transceiver and 0 LCELL
Warning (21074): Design contains 31 input pin(s) that do not drive logic
    Warning (15610): No output dependent on input pin "CLOCK_27"
    Warning (15610): No output dependent on input pin "EXT_CLOCK"
    Warning (15610): No output dependent on input pin "KEY[0]"
    Warning (15610): No output dependent on input pin "KEY[1]"
    Warning (15610): No output dependent on input pin "KEY[2]"
    Warning (15610): No output dependent on input pin "KEY[3]"
    Warning (15610): No output dependent on input pin "UART_RXD"
    Warning (15610): No output dependent on input pin "IRDA_RXD"
    Warning (15610): No output dependent on input pin "OTG_INT0"
    Warning (15610): No output dependent on input pin "OTG_INT1"
    Warning (15610): No output dependent on input pin "OTG_DREQ0"
    Warning (15610): No output dependent on input pin "OTG_DREQ1"
    Warning (15610): No output dependent on input pin "SD_DAT"
    Warning (15610): No output dependent on input pin "TDI"
    Warning (15610): No output dependent on input pin "TCK"
    Warning (15610): No output dependent on input pin "TCS"
    Warning (15610): No output dependent on input pin "PS2_DAT"
    Warning (15610): No output dependent on input pin "PS2_CLK"
    Warning (15610): No output dependent on input pin "ENET_INT"
    Warning (15610): No output dependent on input pin "AUD_ADCDAT"
    Warning (15610): No output dependent on input pin "TD_DATA[0]"
    Warning (15610): No output dependent on input pin "TD_DATA[1]"
    Warning (15610): No output dependent on input pin "TD_DATA[2]"
    Warning (15610): No output dependent on input pin "TD_DATA[3]"
    Warning (15610): No output dependent on input pin "TD_DATA[4]"
    Warning (15610): No output dependent on input pin "TD_DATA[5]"
    Warning (15610): No output dependent on input pin "TD_DATA[6]"
    Warning (15610): No output dependent on input pin "TD_DATA[7]"
    Warning (15610): No output dependent on input pin "TD_HS"
    Warning (15610): No output dependent on input pin "TD_VS"
    Warning (15610): No output dependent on input pin "CLOCK_50"
Info (21057): Implemented 425 device resources after synthesis - the final resource count might be different
    Info (21058): Implemented 49 input pins
    Info (21059): Implemented 220 output pins
    Info (21060): Implemented 156 bidirectional pins
Info: Quartus II 32-bit Analysis & Synthesis was successful. 0 errors, 239 warnings
    Info: Peak virtual memory: 385 megabytes
    Info: Processing ended: Sun May 12 17:47:23 2013
    Info: Elapsed time: 00:00:10
    Info: Total CPU time (on all processors): 00:00:09


