Analysis & Synthesis report for DE2_TOP
Sun May 12 16:54:20 2013
Quartus II 32-bit Version 12.1 Build 177 11/07/2012 SJ Full Version


---------------------
; Table of Contents ;
---------------------
  1. Legal Notice
  2. Analysis & Synthesis Summary
  3. Analysis & Synthesis Settings
  4. Parallel Compilation
  5. Analysis & Synthesis Source Files Read
  6. Analysis & Synthesis Resource Usage Summary
  7. Analysis & Synthesis Resource Utilization by Entity
  8. Analysis & Synthesis RAM Summary
  9. General Register Statistics
 10. Inverted Register Statistics
 11. Registers Packed Into Inferred Megafunctions
 12. Multiplexer Restructuring Statistics (Restructuring Performed)
 13. Source assignments for lab1:U1|raminfr:ram|altsyncram:RAM_rtl_0|altsyncram_8o81:auto_generated
 14. Parameter Settings for Inferred Entity Instance: lab1:U1|raminfr:ram|altsyncram:RAM_rtl_0
 15. altsyncram Parameter Settings by Entity Instance
 16. Elapsed Time Per Partition
 17. Analysis & Synthesis Messages



----------------
; Legal Notice ;
----------------
Copyright (C) 1991-2012 Altera Corporation
Your use of Altera Corporation's design tools, logic functions 
and other software and tools, and its AMPP partner logic 
functions, and any output files from any of the foregoing 
(including device programming or simulation files), and any 
associated documentation or information are expressly subject 
to the terms and conditions of the Altera Program License 
Subscription Agreement, Altera MegaCore Function License 
Agreement, or other applicable license agreement, including, 
without limitation, that your use is for the sole purpose of 
programming logic devices manufactured by Altera and sold by 
Altera or its authorized distributors.  Please refer to the 
applicable agreement for further details.



+--------------------------------------------------------------------------------+
; Analysis & Synthesis Summary                                                   ;
+------------------------------------+-------------------------------------------+
; Analysis & Synthesis Status        ; Successful - Sun May 12 16:54:20 2013     ;
; Quartus II 32-bit Version          ; 12.1 Build 177 11/07/2012 SJ Full Version ;
; Revision Name                      ; DE2_TOP                                   ;
; Top-level Entity Name              ; DE2_TOP                                   ;
; Family                             ; Cyclone II                                ;
; Total logic elements               ; 97                                        ;
;     Total combinational functions  ; 97                                        ;
;     Dedicated logic registers      ; 38                                        ;
; Total registers                    ; 38                                        ;
; Total pins                         ; 425                                       ;
; Total virtual pins                 ; 0                                         ;
; Total memory bits                  ; 128                                       ;
; Embedded Multiplier 9-bit elements ; 0                                         ;
; Total PLLs                         ; 0                                         ;
+------------------------------------+-------------------------------------------+


+----------------------------------------------------------------------------------------------------------------------+
; Analysis & Synthesis Settings                                                                                        ;
+----------------------------------------------------------------------------+--------------------+--------------------+
; Option                                                                     ; Setting            ; Default Value      ;
+----------------------------------------------------------------------------+--------------------+--------------------+
; Device                                                                     ; EP2C35F672C6       ;                    ;
; Top-level entity name                                                      ; DE2_TOP            ; DE2_TOP            ;
; Family name                                                                ; Cyclone II         ; Cyclone IV GX      ;
; Use smart compilation                                                      ; Off                ; Off                ;
; Enable parallel Assembler and TimeQuest Timing Analyzer during compilation ; On                 ; On                 ;
; Enable compact report table                                                ; Off                ; Off                ;
; Restructure Multiplexers                                                   ; Auto               ; Auto               ;
; Create Debugging Nodes for IP Cores                                        ; Off                ; Off                ;
; Preserve fewer node names                                                  ; On                 ; On                 ;
; Disable OpenCore Plus hardware evaluation                                  ; Off                ; Off                ;
; Verilog Version                                                            ; Verilog_2001       ; Verilog_2001       ;
; VHDL Version                                                               ; VHDL_1993          ; VHDL_1993          ;
; State Machine Processing                                                   ; Auto               ; Auto               ;
; Safe State Machine                                                         ; Off                ; Off                ;
; Extract Verilog State Machines                                             ; On                 ; On                 ;
; Extract VHDL State Machines                                                ; On                 ; On                 ;
; Ignore Verilog initial constructs                                          ; Off                ; Off                ;
; Iteration limit for constant Verilog loops                                 ; 5000               ; 5000               ;
; Iteration limit for non-constant Verilog loops                             ; 250                ; 250                ;
; Add Pass-Through Logic to Inferred RAMs                                    ; On                 ; On                 ;
; Infer RAMs from Raw Logic                                                  ; On                 ; On                 ;
; Parallel Synthesis                                                         ; Off                ; Off                ;
; DSP Block Balancing                                                        ; Auto               ; Auto               ;
; NOT Gate Push-Back                                                         ; On                 ; On                 ;
; Power-Up Don't Care                                                        ; On                 ; On                 ;
; Remove Redundant Logic Cells                                               ; Off                ; Off                ;
; Remove Duplicate Registers                                                 ; On                 ; On                 ;
; Ignore CARRY Buffers                                                       ; Off                ; Off                ;
; Ignore CASCADE Buffers                                                     ; Off                ; Off                ;
; Ignore GLOBAL Buffers                                                      ; Off                ; Off                ;
; Ignore ROW GLOBAL Buffers                                                  ; Off                ; Off                ;
; Ignore LCELL Buffers                                                       ; Off                ; Off                ;
; Ignore SOFT Buffers                                                        ; On                 ; On                 ;
; Limit AHDL Integers to 32 Bits                                             ; Off                ; Off                ;
; Optimization Technique                                                     ; Balanced           ; Balanced           ;
; Carry Chain Length                                                         ; 70                 ; 70                 ;
; Auto Carry Chains                                                          ; On                 ; On                 ;
; Auto Open-Drain Pins                                                       ; On                 ; On                 ;
; Perform WYSIWYG Primitive Resynthesis                                      ; Off                ; Off                ;
; Auto ROM Replacement                                                       ; On                 ; On                 ;
; Auto RAM Replacement                                                       ; On                 ; On                 ;
; Auto Shift Register Replacement                                            ; Auto               ; Auto               ;
; Allow Shift Register Merging across Hierarchies                            ; Auto               ; Auto               ;
; Auto Clock Enable Replacement                                              ; On                 ; On                 ;
; Strict RAM Replacement                                                     ; Off                ; Off                ;
; Allow Synchronous Control Signals                                          ; On                 ; On                 ;
; Force Use of Synchronous Clear Signals                                     ; Off                ; Off                ;
; Auto RAM to Logic Cell Conversion                                          ; Off                ; Off                ;
; Auto Resource Sharing                                                      ; Off                ; Off                ;
; Allow Any RAM Size For Recognition                                         ; Off                ; Off                ;
; Allow Any ROM Size For Recognition                                         ; Off                ; Off                ;
; Allow Any Shift Register Size For Recognition                              ; Off                ; Off                ;
; Use LogicLock Constraints during Resource Balancing                        ; On                 ; On                 ;
; Ignore translate_off and synthesis_off directives                          ; Off                ; Off                ;
; Timing-Driven Synthesis                                                    ; Off                ; Off                ;
; Report Parameter Settings                                                  ; On                 ; On                 ;
; Report Source Assignments                                                  ; On                 ; On                 ;
; Report Connectivity Checks                                                 ; On                 ; On                 ;
; Ignore Maximum Fan-Out Assignments                                         ; Off                ; Off                ;
; Synchronization Register Chain Length                                      ; 2                  ; 2                  ;
; PowerPlay Power Optimization                                               ; Normal compilation ; Normal compilation ;
; HDL message level                                                          ; Level2             ; Level2             ;
; Suppress Register Optimization Related Messages                            ; Off                ; Off                ;
; Number of Removed Registers Reported in Synthesis Report                   ; 5000               ; 5000               ;
; Number of Swept Nodes Reported in Synthesis Report                         ; 5000               ; 5000               ;
; Number of Inverted Registers Reported in Synthesis Report                  ; 100                ; 100                ;
; Clock MUX Protection                                                       ; On                 ; On                 ;
; Auto Gated Clock Conversion                                                ; Off                ; Off                ;
; Block Design Naming                                                        ; Auto               ; Auto               ;
; SDC constraint protection                                                  ; Off                ; Off                ;
; Synthesis Effort                                                           ; Auto               ; Auto               ;
; Shift Register Replacement - Allow Asynchronous Clear Signal               ; On                 ; On                 ;
; Pre-Mapping Resynthesis Optimization                                       ; Off                ; Off                ;
; Analysis & Synthesis Message Level                                         ; Medium             ; Medium             ;
; Disable Register Merging Across Hierarchies                                ; Auto               ; Auto               ;
; Resource Aware Inference For Block RAM                                     ; On                 ; On                 ;
; Synthesis Seed                                                             ; 1                  ; 1                  ;
+----------------------------------------------------------------------------+--------------------+--------------------+


+------------------------------------------+
; Parallel Compilation                     ;
+----------------------------+-------------+
; Processors                 ; Number      ;
+----------------------------+-------------+
; Number detected on machine ; 2           ;
; Maximum allowed            ; 2           ;
;                            ;             ;
; Average used               ; 1.00        ;
; Maximum used               ; 1           ;
;                            ;             ;
; Usage by Processor         ; % Time Used ;
;     1 processor            ; 100.0%      ;
;     2 processors           ;   0.0%      ;
+----------------------------+-------------+


+----------------------------------------------------------------------------------------------------------------------------------------------------------------------------------------------------------------------------------------------------------+
; Analysis & Synthesis Source Files Read                                                                                                                                                                                                                   ;
+-----------------------------------------+-----------------+-------------------------------------------------------+----------------------------------------------------------------------------------------------------------------------------+---------+
; File Name with User-Entered Path        ; Used in Netlist ; File Type                                             ; File Name with Absolute Path                                                                                               ; Library ;
+-----------------------------------------+-----------------+-------------------------------------------------------+----------------------------------------------------------------------------------------------------------------------------+---------+
; DE2_TOP.vhd                             ; yes             ; User VHDL File                                        ; /home/user2/spring13/afe2104/EmbeddedSystems/EmbeddedSysFinalProject/archives/lab1/DE2_TOP.vhd                             ;         ;
; lab1.vhd                                ; yes             ; User VHDL File                                        ; /home/user2/spring13/afe2104/EmbeddedSystems/EmbeddedSysFinalProject/archives/lab1/lab1.vhd                                ;         ;
; altsyncram.tdf                          ; yes             ; Megafunction                                          ; /opt/altera/altera12.1/quartus/libraries/megafunctions/altsyncram.tdf                                                      ;         ;
; stratix_ram_block.inc                   ; yes             ; Megafunction                                          ; /opt/altera/altera12.1/quartus/libraries/megafunctions/stratix_ram_block.inc                                               ;         ;
; lpm_mux.inc                             ; yes             ; Megafunction                                          ; /opt/altera/altera12.1/quartus/libraries/megafunctions/lpm_mux.inc                                                         ;         ;
; lpm_decode.inc                          ; yes             ; Megafunction                                          ; /opt/altera/altera12.1/quartus/libraries/megafunctions/lpm_decode.inc                                                      ;         ;
; aglobal121.inc                          ; yes             ; Megafunction                                          ; /opt/altera/altera12.1/quartus/libraries/megafunctions/aglobal121.inc                                                      ;         ;
; a_rdenreg.inc                           ; yes             ; Megafunction                                          ; /opt/altera/altera12.1/quartus/libraries/megafunctions/a_rdenreg.inc                                                       ;         ;
; altrom.inc                              ; yes             ; Megafunction                                          ; /opt/altera/altera12.1/quartus/libraries/megafunctions/altrom.inc                                                          ;         ;
; altram.inc                              ; yes             ; Megafunction                                          ; /opt/altera/altera12.1/quartus/libraries/megafunctions/altram.inc                                                          ;         ;
; altdpram.inc                            ; yes             ; Megafunction                                          ; /opt/altera/altera12.1/quartus/libraries/megafunctions/altdpram.inc                                                        ;         ;
; db/altsyncram_8o81.tdf                  ; yes             ; Auto-Generated Megafunction                           ; /home/user2/spring13/afe2104/EmbeddedSystems/EmbeddedSysFinalProject/archives/lab1/db/altsyncram_8o81.tdf                  ;         ;
; db/DE2_TOP.ram0_raminfr_80fe29f.hdl.mif ; yes             ; Auto-Generated Auto-Found Memory Initialization File  ; /home/user2/spring13/afe2104/EmbeddedSystems/EmbeddedSysFinalProject/archives/lab1/db/DE2_TOP.ram0_raminfr_80fe29f.hdl.mif ;         ;
+-----------------------------------------+-----------------+-------------------------------------------------------+----------------------------------------------------------------------------------------------------------------------------+---------+


+-----------------------------------------------------+
; Analysis & Synthesis Resource Usage Summary         ;
+---------------------------------------------+-------+
; Resource                                    ; Usage ;
+---------------------------------------------+-------+
; Estimated Total logic elements              ; 97    ;
;                                             ;       ;
; Total combinational functions               ; 97    ;
; Logic element usage by number of LUT inputs ;       ;
;     -- 4 input functions                    ; 58    ;
;     -- 3 input functions                    ; 9     ;
;     -- <=2 input functions                  ; 30    ;
;                                             ;       ;
; Logic elements by mode                      ;       ;
;     -- normal mode                          ; 64    ;
;     -- arithmetic mode                      ; 33    ;
;                                             ;       ;
; Total registers                             ; 38    ;
;     -- Dedicated logic registers            ; 38    ;
;     -- I/O registers                        ; 0     ;
;                                             ;       ;
; I/O pins                                    ; 425   ;
; Total memory bits                           ; 128   ;
; Embedded Multiplier 9-bit elements          ; 0     ;
; Maximum fan-out                             ; 46    ;
; Total fan-out                               ; 522   ;
; Average fan-out                             ; 0.92  ;
+---------------------------------------------+-------+


+------------------------------------------------------------------------------------------------------------------------------------------------------------------------------------------------------------------------------------------------------------+
; Analysis & Synthesis Resource Utilization by Entity                                                                                                                                                                                                        ;
+----------------------------------------------+-------------------+--------------+-------------+--------------+---------+-----------+------+--------------+----------------------------------------------------------------------------------+--------------+
; Compilation Hierarchy Node                   ; LC Combinationals ; LC Registers ; Memory Bits ; DSP Elements ; DSP 9x9 ; DSP 18x18 ; Pins ; Virtual Pins ; Full Hierarchy Name                                                              ; Library Name ;
+----------------------------------------------+-------------------+--------------+-------------+--------------+---------+-----------+------+--------------+----------------------------------------------------------------------------------+--------------+
; |DE2_TOP                                     ; 97 (0)            ; 38 (0)       ; 128         ; 0            ; 0       ; 0         ; 425  ; 0            ; |DE2_TOP                                                                         ;              ;
;    |lab1:U1|                                 ; 97 (0)            ; 38 (0)       ; 128         ; 0            ; 0       ; 0         ; 0    ; 0            ; |DE2_TOP|lab1:U1                                                                 ;              ;
;       |ctrl:control|                         ; 76 (76)           ; 38 (38)      ; 0           ; 0            ; 0       ; 0         ; 0    ; 0            ; |DE2_TOP|lab1:U1|ctrl:control                                                    ;              ;
;       |hex7seg:h4|                           ; 7 (7)             ; 0 (0)        ; 0           ; 0            ; 0       ; 0         ; 0    ; 0            ; |DE2_TOP|lab1:U1|hex7seg:h4                                                      ;              ;
;       |hex7seg:h5|                           ; 7 (7)             ; 0 (0)        ; 0           ; 0            ; 0       ; 0         ; 0    ; 0            ; |DE2_TOP|lab1:U1|hex7seg:h5                                                      ;              ;
;       |hex7seg:h6|                           ; 7 (7)             ; 0 (0)        ; 0           ; 0            ; 0       ; 0         ; 0    ; 0            ; |DE2_TOP|lab1:U1|hex7seg:h6                                                      ;              ;
;       |raminfr:ram|                          ; 0 (0)             ; 0 (0)        ; 128         ; 0            ; 0       ; 0         ; 0    ; 0            ; |DE2_TOP|lab1:U1|raminfr:ram                                                     ;              ;
;          |altsyncram:RAM_rtl_0|              ; 0 (0)             ; 0 (0)        ; 128         ; 0            ; 0       ; 0         ; 0    ; 0            ; |DE2_TOP|lab1:U1|raminfr:ram|altsyncram:RAM_rtl_0                                ;              ;
;             |altsyncram_8o81:auto_generated| ; 0 (0)             ; 0 (0)        ; 128         ; 0            ; 0       ; 0         ; 0    ; 0            ; |DE2_TOP|lab1:U1|raminfr:ram|altsyncram:RAM_rtl_0|altsyncram_8o81:auto_generated ;              ;
+----------------------------------------------+-------------------+--------------+-------------+--------------+---------+-----------+------+--------------+----------------------------------------------------------------------------------+--------------+
Note: For table entries with two numbers listed, the numbers in parentheses indicate the number of resources of the given type used by the specific entity alone. The numbers listed outside of parentheses indicate the total resources of the given type used by the specific entity and all of its sub-entities in the hierarchy.


+----------------------------------------------------------------------------------------------------------------------------------------------------------------------------------------------------------------------+
; Analysis & Synthesis RAM Summary                                                                                                                                                                                     ;
+------------------------------------------------------------------------------------+------+-------------+--------------+--------------+--------------+--------------+------+-----------------------------------------+
; Name                                                                               ; Type ; Mode        ; Port A Depth ; Port A Width ; Port B Depth ; Port B Width ; Size ; MIF                                     ;
+------------------------------------------------------------------------------------+------+-------------+--------------+--------------+--------------+--------------+------+-----------------------------------------+
; lab1:U1|raminfr:ram|altsyncram:RAM_rtl_0|altsyncram_8o81:auto_generated|ALTSYNCRAM ; AUTO ; Single Port ; 16           ; 8            ; --           ; --           ; 128  ; db/DE2_TOP.ram0_raminfr_80fe29f.hdl.mif ;
+------------------------------------------------------------------------------------+------+-------------+--------------+--------------+--------------+--------------+------+-----------------------------------------+


+------------------------------------------------------+
; General Register Statistics                          ;
+----------------------------------------------+-------+
; Statistic                                    ; Value ;
+----------------------------------------------+-------+
; Total registers                              ; 38    ;
; Number of registers using Synchronous Clear  ; 0     ;
; Number of registers using Synchronous Load   ; 8     ;
; Number of registers using Asynchronous Clear ; 0     ;
; Number of registers using Asynchronous Load  ; 0     ;
; Number of registers using Clock Enable       ; 35    ;
; Number of registers using Preset             ; 0     ;
+----------------------------------------------+-------+


+--------------------------------------------------+
; Inverted Register Statistics                     ;
+----------------------------------------+---------+
; Inverted Register                      ; Fan out ;
+----------------------------------------+---------+
; lab1:U1|ctrl:control|count[7]          ; 2       ;
; lab1:U1|ctrl:control|count[9]          ; 2       ;
; lab1:U1|ctrl:control|count[10]         ; 2       ;
; lab1:U1|ctrl:control|count[12]         ; 2       ;
; lab1:U1|ctrl:control|count[15]         ; 2       ;
; lab1:U1|ctrl:control|count[19]         ; 2       ;
; lab1:U1|ctrl:control|count[20]         ; 2       ;
; lab1:U1|ctrl:control|count[23]         ; 2       ;
; Total number of inverted registers = 8 ;         ;
+----------------------------------------+---------+


+-------------------------------------------------------------------------+
; Registers Packed Into Inferred Megafunctions                            ;
+----------------------------------+-------------------------------+------+
; Register Name                    ; Megafunction                  ; Type ;
+----------------------------------+-------------------------------+------+
; lab1:U1|raminfr:ram|read_a[0..3] ; lab1:U1|raminfr:ram|RAM_rtl_0 ; RAM  ;
+----------------------------------+-------------------------------+------+


+-------------------------------------------------------------------------------------------------------------------------------------------------------------+
; Multiplexer Restructuring Statistics (Restructuring Performed)                                                                                              ;
+--------------------+-----------+---------------+----------------------+------------------------+------------+-----------------------------------------------+
; Multiplexer Inputs ; Bus Width ; Baseline Area ; Area if Restructured ; Saving if Restructured ; Registered ; Example Multiplexer Output                    ;
+--------------------+-----------+---------------+----------------------+------------------------+------------+-----------------------------------------------+
; 3:1                ; 4 bits    ; 8 LEs         ; 0 LEs                ; 8 LEs                  ; Yes        ; |DE2_TOP|lab1:U1|ctrl:control|current_addr[3] ;
; 4:1                ; 16 bits   ; 32 LEs        ; 16 LEs               ; 16 LEs                 ; Yes        ; |DE2_TOP|lab1:U1|ctrl:control|count[16]       ;
; 5:1                ; 8 bits    ; 24 LEs        ; 8 LEs                ; 16 LEs                 ; Yes        ; |DE2_TOP|lab1:U1|ctrl:control|current_val[0]  ;
; 4:1                ; 8 bits    ; 16 LEs        ; 8 LEs                ; 8 LEs                  ; Yes        ; |DE2_TOP|lab1:U1|ctrl:control|count[23]       ;
+--------------------+-----------+---------------+----------------------+------------------------+------------+-----------------------------------------------+


+------------------------------------------------------------------------------------------------+
; Source assignments for lab1:U1|raminfr:ram|altsyncram:RAM_rtl_0|altsyncram_8o81:auto_generated ;
+---------------------------------+--------------------+------+----------------------------------+
; Assignment                      ; Value              ; From ; To                               ;
+---------------------------------+--------------------+------+----------------------------------+
; OPTIMIZE_POWER_DURING_SYNTHESIS ; NORMAL_COMPILATION ; -    ; -                                ;
+---------------------------------+--------------------+------+----------------------------------+


+-----------------------------------------------------------------------------------------------+
; Parameter Settings for Inferred Entity Instance: lab1:U1|raminfr:ram|altsyncram:RAM_rtl_0     ;
+------------------------------------+-----------------------------------------+----------------+
; Parameter Name                     ; Value                                   ; Type           ;
+------------------------------------+-----------------------------------------+----------------+
; BYTE_SIZE_BLOCK                    ; 8                                       ; Untyped        ;
; AUTO_CARRY_CHAINS                  ; ON                                      ; AUTO_CARRY     ;
; IGNORE_CARRY_BUFFERS               ; OFF                                     ; IGNORE_CARRY   ;
; AUTO_CASCADE_CHAINS                ; ON                                      ; AUTO_CASCADE   ;
; IGNORE_CASCADE_BUFFERS             ; OFF                                     ; IGNORE_CASCADE ;
; WIDTH_BYTEENA                      ; 1                                       ; Untyped        ;
; OPERATION_MODE                     ; SINGLE_PORT                             ; Untyped        ;
; WIDTH_A                            ; 8                                       ; Untyped        ;
; WIDTHAD_A                          ; 4                                       ; Untyped        ;
; NUMWORDS_A                         ; 16                                      ; Untyped        ;
; OUTDATA_REG_A                      ; UNREGISTERED                            ; Untyped        ;
; ADDRESS_ACLR_A                     ; NONE                                    ; Untyped        ;
; OUTDATA_ACLR_A                     ; NONE                                    ; Untyped        ;
; WRCONTROL_ACLR_A                   ; NONE                                    ; Untyped        ;
; INDATA_ACLR_A                      ; NONE                                    ; Untyped        ;
; BYTEENA_ACLR_A                     ; NONE                                    ; Untyped        ;
; WIDTH_B                            ; 1                                       ; Untyped        ;
; WIDTHAD_B                          ; 1                                       ; Untyped        ;
; NUMWORDS_B                         ; 1                                       ; Untyped        ;
; INDATA_REG_B                       ; CLOCK1                                  ; Untyped        ;
; WRCONTROL_WRADDRESS_REG_B          ; CLOCK1                                  ; Untyped        ;
; RDCONTROL_REG_B                    ; CLOCK1                                  ; Untyped        ;
; ADDRESS_REG_B                      ; CLOCK1                                  ; Untyped        ;
; OUTDATA_REG_B                      ; UNREGISTERED                            ; Untyped        ;
; BYTEENA_REG_B                      ; CLOCK1                                  ; Untyped        ;
; INDATA_ACLR_B                      ; NONE                                    ; Untyped        ;
; WRCONTROL_ACLR_B                   ; NONE                                    ; Untyped        ;
; ADDRESS_ACLR_B                     ; NONE                                    ; Untyped        ;
; OUTDATA_ACLR_B                     ; NONE                                    ; Untyped        ;
; RDCONTROL_ACLR_B                   ; NONE                                    ; Untyped        ;
; BYTEENA_ACLR_B                     ; NONE                                    ; Untyped        ;
; WIDTH_BYTEENA_A                    ; 1                                       ; Untyped        ;
; WIDTH_BYTEENA_B                    ; 1                                       ; Untyped        ;
; RAM_BLOCK_TYPE                     ; AUTO                                    ; Untyped        ;
; BYTE_SIZE                          ; 8                                       ; Untyped        ;
; READ_DURING_WRITE_MODE_MIXED_PORTS ; DONT_CARE                               ; Untyped        ;
; READ_DURING_WRITE_MODE_PORT_A      ; NEW_DATA_NO_NBE_READ                    ; Untyped        ;
; READ_DURING_WRITE_MODE_PORT_B      ; NEW_DATA_NO_NBE_READ                    ; Untyped        ;
; INIT_FILE                          ; db/DE2_TOP.ram0_raminfr_80fe29f.hdl.mif ; Untyped        ;
; INIT_FILE_LAYOUT                   ; PORT_A                                  ; Untyped        ;
; MAXIMUM_DEPTH                      ; 0                                       ; Untyped        ;
; CLOCK_ENABLE_INPUT_A               ; NORMAL                                  ; Untyped        ;
; CLOCK_ENABLE_INPUT_B               ; NORMAL                                  ; Untyped        ;
; CLOCK_ENABLE_OUTPUT_A              ; NORMAL                                  ; Untyped        ;
; CLOCK_ENABLE_OUTPUT_B              ; NORMAL                                  ; Untyped        ;
; CLOCK_ENABLE_CORE_A                ; USE_INPUT_CLKEN                         ; Untyped        ;
; CLOCK_ENABLE_CORE_B                ; USE_INPUT_CLKEN                         ; Untyped        ;
; ENABLE_ECC                         ; FALSE                                   ; Untyped        ;
; ECC_PIPELINE_STAGE_ENABLED         ; FALSE                                   ; Untyped        ;
; WIDTH_ECCSTATUS                    ; 3                                       ; Untyped        ;
; DEVICE_FAMILY                      ; Cyclone II                              ; Untyped        ;
; CBXI_PARAMETER                     ; altsyncram_8o81                         ; Untyped        ;
+------------------------------------+-----------------------------------------+----------------+
Note: In order to hide this table in the UI and the text report file, please set the "Show Parameter Settings in Synthesis Report" option in "Analysis and Synthesis Settings -> More Settings" to "Off".


+--------------------------------------------------------------------------------------+
; altsyncram Parameter Settings by Entity Instance                                     ;
+-------------------------------------------+------------------------------------------+
; Name                                      ; Value                                    ;
+-------------------------------------------+------------------------------------------+
; Number of entity instances                ; 1                                        ;
; Entity Instance                           ; lab1:U1|raminfr:ram|altsyncram:RAM_rtl_0 ;
;     -- OPERATION_MODE                     ; SINGLE_PORT                              ;
;     -- WIDTH_A                            ; 8                                        ;
;     -- NUMWORDS_A                         ; 16                                       ;
;     -- OUTDATA_REG_A                      ; UNREGISTERED                             ;
;     -- WIDTH_B                            ; 1                                        ;
;     -- NUMWORDS_B                         ; 1                                        ;
;     -- ADDRESS_REG_B                      ; CLOCK1                                   ;
;     -- OUTDATA_REG_B                      ; UNREGISTERED                             ;
;     -- RAM_BLOCK_TYPE                     ; AUTO                                     ;
;     -- READ_DURING_WRITE_MODE_MIXED_PORTS ; DONT_CARE                                ;
+-------------------------------------------+------------------------------------------+


+-------------------------------+
; Elapsed Time Per Partition    ;
+----------------+--------------+
; Partition Name ; Elapsed Time ;
+----------------+--------------+
; Top            ; 00:00:03     ;
+----------------+--------------+


+-------------------------------+
; Analysis & Synthesis Messages ;
+-------------------------------+
Info: *******************************************************************
Info: Running Quartus II 32-bit Analysis & Synthesis
    Info: Version 12.1 Build 177 11/07/2012 SJ Full Version
    Info: Processing started: Sun May 12 16:54:12 2013
Info: Command: quartus_map --read_settings_files=on --write_settings_files=off DE2_TOP -c DE2_TOP
Info (20030): Parallel compilation is enabled and will use 2 of the 2 processors detected
Info (12021): Found 2 design units, including 1 entities, in source file DE2_TOP.vhd
    Info (12022): Found design unit 1: DE2_TOP-datapath
    Info (12023): Found entity 1: DE2_TOP
Info (12021): Found 8 design units, including 4 entities, in source file lab1.vhd
    Info (12022): Found design unit 1: raminfr-rtl
    Info (12022): Found design unit 2: ctrl-selector
    Info (12022): Found design unit 3: hex7seg-combinational
    Info (12022): Found design unit 4: lab1-datapath
    Info (12023): Found entity 1: raminfr
    Info (12023): Found entity 2: ctrl
    Info (12023): Found entity 3: hex7seg
    Info (12023): Found entity 4: lab1
Info (12127): Elaborating entity "DE2_TOP" for the top level hierarchy
Info (12128): Elaborating entity "lab1" for hierarchy "lab1:U1"
Info (12128): Elaborating entity "ctrl" for hierarchy "lab1:U1|ctrl:control"
Info (12128): Elaborating entity "raminfr" for hierarchy "lab1:U1|raminfr:ram"
Info (12128): Elaborating entity "hex7seg" for hierarchy "lab1:U1|hex7seg:h6"
Info (19000): Inferred 1 megafunctions from design logic
    Info (276029): Inferred altsyncram megafunction from the following design logic: "lab1:U1|raminfr:ram|RAM_rtl_0" 
        Info (286033): Parameter OPERATION_MODE set to SINGLE_PORT
        Info (286033): Parameter WIDTH_A set to 8
        Info (286033): Parameter WIDTHAD_A set to 4
        Info (286033): Parameter NUMWORDS_A set to 16
        Info (286033): Parameter OUTDATA_REG_A set to UNREGISTERED
        Info (286033): Parameter ADDRESS_ACLR_A set to NONE
        Info (286033): Parameter OUTDATA_ACLR_A set to NONE
        Info (286033): Parameter INDATA_ACLR_A set to NONE
        Info (286033): Parameter WRCONTROL_ACLR_A set to NONE
        Info (286033): Parameter INIT_FILE set to db/DE2_TOP.ram0_raminfr_80fe29f.hdl.mif
Info (12130): Elaborated megafunction instantiation "lab1:U1|raminfr:ram|altsyncram:RAM_rtl_0"
Info (12133): Instantiated megafunction "lab1:U1|raminfr:ram|altsyncram:RAM_rtl_0" with the following parameter:
    Info (12134): Parameter "OPERATION_MODE" = "SINGLE_PORT"
    Info (12134): Parameter "WIDTH_A" = "8"
    Info (12134): Parameter "WIDTHAD_A" = "4"
    Info (12134): Parameter "NUMWORDS_A" = "16"
    Info (12134): Parameter "OUTDATA_REG_A" = "UNREGISTERED"
    Info (12134): Parameter "ADDRESS_ACLR_A" = "NONE"
    Info (12134): Parameter "OUTDATA_ACLR_A" = "NONE"
    Info (12134): Parameter "INDATA_ACLR_A" = "NONE"
    Info (12134): Parameter "WRCONTROL_ACLR_A" = "NONE"
    Info (12134): Parameter "INIT_FILE" = "db/DE2_TOP.ram0_raminfr_80fe29f.hdl.mif"
Info (12021): Found 1 design units, including 1 entities, in source file db/altsyncram_8o81.tdf
    Info (12023): Found entity 1: altsyncram_8o81
Warning (13024): Output pins are stuck at VCC or GND
    Warning (13410): Pin "HEX0[0]" is stuck at VCC
    Warning (13410): Pin "HEX0[1]" is stuck at VCC
    Warning (13410): Pin "HEX0[2]" is stuck at VCC
    Warning (13410): Pin "HEX0[3]" is stuck at VCC
    Warning (13410): Pin "HEX0[4]" is stuck at VCC
    Warning (13410): Pin "HEX0[5]" is stuck at VCC
    Warning (13410): Pin "HEX0[6]" is stuck at VCC
    Warning (13410): Pin "HEX1[0]" is stuck at VCC
    Warning (13410): Pin "HEX1[1]" is stuck at VCC
    Warning (13410): Pin "HEX1[2]" is stuck at VCC
    Warning (13410): Pin "HEX1[3]" is stuck at VCC
    Warning (13410): Pin "HEX1[4]" is stuck at VCC
    Warning (13410): Pin "HEX1[5]" is stuck at VCC
    Warning (13410): Pin "HEX1[6]" is stuck at VCC
    Warning (13410): Pin "HEX2[0]" is stuck at VCC
    Warning (13410): Pin "HEX2[1]" is stuck at VCC
    Warning (13410): Pin "HEX2[2]" is stuck at VCC
    Warning (13410): Pin "HEX2[3]" is stuck at VCC
    Warning (13410): Pin "HEX2[4]" is stuck at VCC
    Warning (13410): Pin "HEX2[5]" is stuck at VCC
    Warning (13410): Pin "HEX2[6]" is stuck at VCC
    Warning (13410): Pin "HEX3[0]" is stuck at VCC
    Warning (13410): Pin "HEX3[1]" is stuck at VCC
    Warning (13410): Pin "HEX3[2]" is stuck at VCC
    Warning (13410): Pin "HEX3[3]" is stuck at VCC
    Warning (13410): Pin "HEX3[4]" is stuck at VCC
    Warning (13410): Pin "HEX3[5]" is stuck at VCC
    Warning (13410): Pin "HEX3[6]" is stuck at VCC
    Warning (13410): Pin "HEX7[0]" is stuck at VCC
    Warning (13410): Pin "HEX7[1]" is stuck at VCC
    Warning (13410): Pin "HEX7[2]" is stuck at VCC
    Warning (13410): Pin "HEX7[3]" is stuck at VCC
    Warning (13410): Pin "HEX7[4]" is stuck at VCC
    Warning (13410): Pin "HEX7[5]" is stuck at VCC
    Warning (13410): Pin "HEX7[6]" is stuck at VCC
    Warning (13410): Pin "LEDG[0]" is stuck at GND
    Warning (13410): Pin "LEDG[1]" is stuck at GND
    Warning (13410): Pin "LEDG[2]" is stuck at GND
    Warning (13410): Pin "LEDG[3]" is stuck at GND
    Warning (13410): Pin "LEDG[4]" is stuck at GND
    Warning (13410): Pin "LEDG[5]" is stuck at GND
    Warning (13410): Pin "LEDG[6]" is stuck at GND
    Warning (13410): Pin "LEDG[7]" is stuck at GND
    Warning (13410): Pin "LEDG[8]" is stuck at GND
    Warning (13410): Pin "LEDR[0]" is stuck at GND
    Warning (13410): Pin "LEDR[1]" is stuck at GND
    Warning (13410): Pin "LEDR[2]" is stuck at GND
    Warning (13410): Pin "LEDR[3]" is stuck at GND
    Warning (13410): Pin "LEDR[4]" is stuck at GND
    Warning (13410): Pin "LEDR[5]" is stuck at GND
    Warning (13410): Pin "LEDR[6]" is stuck at GND
    Warning (13410): Pin "LEDR[7]" is stuck at GND
    Warning (13410): Pin "LEDR[8]" is stuck at GND
    Warning (13410): Pin "LEDR[9]" is stuck at GND
    Warning (13410): Pin "LEDR[10]" is stuck at GND
    Warning (13410): Pin "LEDR[11]" is stuck at GND
    Warning (13410): Pin "LEDR[12]" is stuck at GND
    Warning (13410): Pin "LEDR[13]" is stuck at GND
    Warning (13410): Pin "LEDR[14]" is stuck at GND
    Warning (13410): Pin "LEDR[15]" is stuck at GND
    Warning (13410): Pin "LEDR[16]" is stuck at GND
    Warning (13410): Pin "LEDR[17]" is stuck at GND
    Warning (13410): Pin "UART_TXD" is stuck at GND
    Warning (13410): Pin "IRDA_TXD" is stuck at GND
    Warning (13410): Pin "DRAM_ADDR[0]" is stuck at GND
    Warning (13410): Pin "DRAM_ADDR[1]" is stuck at GND
    Warning (13410): Pin "DRAM_ADDR[2]" is stuck at GND
    Warning (13410): Pin "DRAM_ADDR[3]" is stuck at GND
    Warning (13410): Pin "DRAM_ADDR[4]" is stuck at GND
    Warning (13410): Pin "DRAM_ADDR[5]" is stuck at GND
    Warning (13410): Pin "DRAM_ADDR[6]" is stuck at GND
    Warning (13410): Pin "DRAM_ADDR[7]" is stuck at GND
    Warning (13410): Pin "DRAM_ADDR[8]" is stuck at GND
    Warning (13410): Pin "DRAM_ADDR[9]" is stuck at GND
    Warning (13410): Pin "DRAM_ADDR[10]" is stuck at GND
    Warning (13410): Pin "DRAM_ADDR[11]" is stuck at GND
    Warning (13410): Pin "DRAM_LDQM" is stuck at GND
    Warning (13410): Pin "DRAM_UDQM" is stuck at GND
    Warning (13410): Pin "DRAM_WE_N" is stuck at VCC
    Warning (13410): Pin "DRAM_CAS_N" is stuck at VCC
    Warning (13410): Pin "DRAM_RAS_N" is stuck at VCC
    Warning (13410): Pin "DRAM_CS_N" is stuck at VCC
    Warning (13410): Pin "DRAM_BA_0" is stuck at GND
    Warning (13410): Pin "DRAM_BA_1" is stuck at GND
    Warning (13410): Pin "DRAM_CLK" is stuck at GND
    Warning (13410): Pin "DRAM_CKE" is stuck at GND
    Warning (13410): Pin "FL_ADDR[0]" is stuck at GND
    Warning (13410): Pin "FL_ADDR[1]" is stuck at GND
    Warning (13410): Pin "FL_ADDR[2]" is stuck at GND
    Warning (13410): Pin "FL_ADDR[3]" is stuck at GND
    Warning (13410): Pin "FL_ADDR[4]" is stuck at GND
    Warning (13410): Pin "FL_ADDR[5]" is stuck at GND
    Warning (13410): Pin "FL_ADDR[6]" is stuck at GND
    Warning (13410): Pin "FL_ADDR[7]" is stuck at GND
    Warning (13410): Pin "FL_ADDR[8]" is stuck at GND
    Warning (13410): Pin "FL_ADDR[9]" is stuck at GND
    Warning (13410): Pin "FL_ADDR[10]" is stuck at GND
    Warning (13410): Pin "FL_ADDR[11]" is stuck at GND
    Warning (13410): Pin "FL_ADDR[12]" is stuck at GND
    Warning (13410): Pin "FL_ADDR[13]" is stuck at GND
    Warning (13410): Pin "FL_ADDR[14]" is stuck at GND
    Warning (13410): Pin "FL_ADDR[15]" is stuck at GND
    Warning (13410): Pin "FL_ADDR[16]" is stuck at GND
    Warning (13410): Pin "FL_ADDR[17]" is stuck at GND
    Warning (13410): Pin "FL_ADDR[18]" is stuck at GND
    Warning (13410): Pin "FL_ADDR[19]" is stuck at GND
    Warning (13410): Pin "FL_ADDR[20]" is stuck at GND
    Warning (13410): Pin "FL_ADDR[21]" is stuck at GND
    Warning (13410): Pin "FL_WE_N" is stuck at VCC
    Warning (13410): Pin "FL_RST_N" is stuck at GND
    Warning (13410): Pin "FL_OE_N" is stuck at VCC
    Warning (13410): Pin "FL_CE_N" is stuck at VCC
    Warning (13410): Pin "SRAM_ADDR[0]" is stuck at GND
    Warning (13410): Pin "SRAM_ADDR[1]" is stuck at GND
    Warning (13410): Pin "SRAM_ADDR[2]" is stuck at GND
    Warning (13410): Pin "SRAM_ADDR[3]" is stuck at GND
    Warning (13410): Pin "SRAM_ADDR[4]" is stuck at GND
    Warning (13410): Pin "SRAM_ADDR[5]" is stuck at GND
    Warning (13410): Pin "SRAM_ADDR[6]" is stuck at GND
    Warning (13410): Pin "SRAM_ADDR[7]" is stuck at GND
    Warning (13410): Pin "SRAM_ADDR[8]" is stuck at GND
    Warning (13410): Pin "SRAM_ADDR[9]" is stuck at GND
    Warning (13410): Pin "SRAM_ADDR[10]" is stuck at GND
    Warning (13410): Pin "SRAM_ADDR[11]" is stuck at GND
    Warning (13410): Pin "SRAM_ADDR[12]" is stuck at GND
    Warning (13410): Pin "SRAM_ADDR[13]" is stuck at GND
    Warning (13410): Pin "SRAM_ADDR[14]" is stuck at GND
    Warning (13410): Pin "SRAM_ADDR[15]" is stuck at GND
    Warning (13410): Pin "SRAM_ADDR[16]" is stuck at GND
    Warning (13410): Pin "SRAM_ADDR[17]" is stuck at GND
    Warning (13410): Pin "SRAM_UB_N" is stuck at VCC
    Warning (13410): Pin "SRAM_LB_N" is stuck at VCC
    Warning (13410): Pin "SRAM_WE_N" is stuck at VCC
    Warning (13410): Pin "SRAM_CE_N" is stuck at VCC
    Warning (13410): Pin "SRAM_OE_N" is stuck at VCC
    Warning (13410): Pin "OTG_ADDR[0]" is stuck at GND
    Warning (13410): Pin "OTG_ADDR[1]" is stuck at GND
    Warning (13410): Pin "OTG_CS_N" is stuck at VCC
    Warning (13410): Pin "OTG_RD_N" is stuck at VCC
    Warning (13410): Pin "OTG_WR_N" is stuck at VCC
    Warning (13410): Pin "OTG_RST_N" is stuck at VCC
    Warning (13410): Pin "OTG_FSPEED" is stuck at VCC
    Warning (13410): Pin "OTG_LSPEED" is stuck at VCC
    Warning (13410): Pin "OTG_DACK0_N" is stuck at VCC
    Warning (13410): Pin "OTG_DACK1_N" is stuck at VCC
    Warning (13410): Pin "LCD_ON" is stuck at VCC
    Warning (13410): Pin "LCD_BLON" is stuck at GND
    Warning (13410): Pin "LCD_RW" is stuck at VCC
    Warning (13410): Pin "LCD_EN" is stuck at GND
    Warning (13410): Pin "LCD_RS" is stuck at GND
    Warning (13410): Pin "SD_DAT3" is stuck at VCC
    Warning (13410): Pin "SD_CMD" is stuck at VCC
    Warning (13410): Pin "SD_CLK" is stuck at VCC
    Warning (13410): Pin "TDO" is stuck at GND
    Warning (13410): Pin "I2C_SCLK" is stuck at GND
    Warning (13410): Pin "VGA_CLK" is stuck at GND
    Warning (13410): Pin "VGA_HS" is stuck at GND
    Warning (13410): Pin "VGA_VS" is stuck at GND
    Warning (13410): Pin "VGA_BLANK" is stuck at GND
    Warning (13410): Pin "VGA_SYNC" is stuck at GND
    Warning (13410): Pin "VGA_R[0]" is stuck at GND
    Warning (13410): Pin "VGA_R[1]" is stuck at GND
    Warning (13410): Pin "VGA_R[2]" is stuck at GND
    Warning (13410): Pin "VGA_R[3]" is stuck at GND
    Warning (13410): Pin "VGA_R[4]" is stuck at GND
    Warning (13410): Pin "VGA_R[5]" is stuck at GND
    Warning (13410): Pin "VGA_R[6]" is stuck at GND
    Warning (13410): Pin "VGA_R[7]" is stuck at GND
    Warning (13410): Pin "VGA_R[8]" is stuck at GND
    Warning (13410): Pin "VGA_R[9]" is stuck at GND
    Warning (13410): Pin "VGA_G[0]" is stuck at GND
    Warning (13410): Pin "VGA_G[1]" is stuck at GND
    Warning (13410): Pin "VGA_G[2]" is stuck at GND
    Warning (13410): Pin "VGA_G[3]" is stuck at GND
    Warning (13410): Pin "VGA_G[4]" is stuck at GND
    Warning (13410): Pin "VGA_G[5]" is stuck at GND
    Warning (13410): Pin "VGA_G[6]" is stuck at GND
    Warning (13410): Pin "VGA_G[7]" is stuck at GND
    Warning (13410): Pin "VGA_G[8]" is stuck at GND
    Warning (13410): Pin "VGA_G[9]" is stuck at GND
    Warning (13410): Pin "VGA_B[0]" is stuck at GND
    Warning (13410): Pin "VGA_B[1]" is stuck at GND
    Warning (13410): Pin "VGA_B[2]" is stuck at GND
    Warning (13410): Pin "VGA_B[3]" is stuck at GND
    Warning (13410): Pin "VGA_B[4]" is stuck at GND
    Warning (13410): Pin "VGA_B[5]" is stuck at GND
    Warning (13410): Pin "VGA_B[6]" is stuck at GND
    Warning (13410): Pin "VGA_B[7]" is stuck at GND
    Warning (13410): Pin "VGA_B[8]" is stuck at GND
    Warning (13410): Pin "VGA_B[9]" is stuck at GND
    Warning (13410): Pin "ENET_CMD" is stuck at GND
    Warning (13410): Pin "ENET_CS_N" is stuck at VCC
    Warning (13410): Pin "ENET_WR_N" is stuck at VCC
    Warning (13410): Pin "ENET_RD_N" is stuck at VCC
    Warning (13410): Pin "ENET_RST_N" is stuck at VCC
    Warning (13410): Pin "ENET_CLK" is stuck at GND
    Warning (13410): Pin "AUD_DACDAT" is stuck at GND
    Warning (13410): Pin "AUD_XCK" is stuck at GND
    Warning (13410): Pin "TD_RESET" is stuck at GND
Info (16010): Generating hard_block partition "hard_block:auto_generated_inst"
    Info (16011): Adding 0 node(s), including 0 DDIO, 0 PLL, 0 transceiver and 0 LCELL
Warning (21074): Design contains 44 input pin(s) that do not drive logic
    Warning (15610): No output dependent on input pin "CLOCK_27"
    Warning (15610): No output dependent on input pin "EXT_CLOCK"
    Warning (15610): No output dependent on input pin "SW[0]"
    Warning (15610): No output dependent on input pin "SW[1]"
    Warning (15610): No output dependent on input pin "SW[2]"
    Warning (15610): No output dependent on input pin "SW[3]"
    Warning (15610): No output dependent on input pin "SW[4]"
    Warning (15610): No output dependent on input pin "SW[5]"
    Warning (15610): No output dependent on input pin "SW[6]"
    Warning (15610): No output dependent on input pin "SW[7]"
    Warning (15610): No output dependent on input pin "SW[8]"
    Warning (15610): No output dependent on input pin "SW[9]"
    Warning (15610): No output dependent on input pin "SW[10]"
    Warning (15610): No output dependent on input pin "SW[11]"
    Warning (15610): No output dependent on input pin "SW[12]"
    Warning (15610): No output dependent on input pin "SW[13]"
    Warning (15610): No output dependent on input pin "SW[14]"
    Warning (15610): No output dependent on input pin "SW[15]"
    Warning (15610): No output dependent on input pin "SW[16]"
    Warning (15610): No output dependent on input pin "SW[17]"
    Warning (15610): No output dependent on input pin "UART_RXD"
    Warning (15610): No output dependent on input pin "IRDA_RXD"
    Warning (15610): No output dependent on input pin "OTG_INT0"
    Warning (15610): No output dependent on input pin "OTG_INT1"
    Warning (15610): No output dependent on input pin "OTG_DREQ0"
    Warning (15610): No output dependent on input pin "OTG_DREQ1"
    Warning (15610): No output dependent on input pin "SD_DAT"
    Warning (15610): No output dependent on input pin "TDI"
    Warning (15610): No output dependent on input pin "TCK"
    Warning (15610): No output dependent on input pin "TCS"
    Warning (15610): No output dependent on input pin "PS2_DAT"
    Warning (15610): No output dependent on input pin "PS2_CLK"
    Warning (15610): No output dependent on input pin "ENET_INT"
    Warning (15610): No output dependent on input pin "AUD_ADCDAT"
    Warning (15610): No output dependent on input pin "TD_DATA[0]"
    Warning (15610): No output dependent on input pin "TD_DATA[1]"
    Warning (15610): No output dependent on input pin "TD_DATA[2]"
    Warning (15610): No output dependent on input pin "TD_DATA[3]"
    Warning (15610): No output dependent on input pin "TD_DATA[4]"
    Warning (15610): No output dependent on input pin "TD_DATA[5]"
    Warning (15610): No output dependent on input pin "TD_DATA[6]"
    Warning (15610): No output dependent on input pin "TD_DATA[7]"
    Warning (15610): No output dependent on input pin "TD_HS"
    Warning (15610): No output dependent on input pin "TD_VS"
Info (21057): Implemented 530 device resources after synthesis - the final resource count might be different
    Info (21058): Implemented 49 input pins
    Info (21059): Implemented 220 output pins
    Info (21060): Implemented 156 bidirectional pins
    Info (21061): Implemented 97 logic cells
    Info (21064): Implemented 8 RAM segments
Info: Quartus II 32-bit Analysis & Synthesis was successful. 0 errors, 245 warnings
    Info: Peak virtual memory: 374 megabytes
    Info: Processing ended: Sun May 12 16:54:20 2013
    Info: Elapsed time: 00:00:08
    Info: Total CPU time (on all processors): 00:00:08


