Flow report for DE2_TOP
Fri Feb  8 01:34:36 2013
Quartus II 32-bit Version 12.1 Build 177 11/07/2012 SJ Full Version


---------------------
; Table of Contents ;
---------------------
  1. Legal Notice
  2. Flow Summary
  3. Flow Settings
  4. Flow Non-Default Global Settings
  5. Flow Elapsed Time
  6. Flow OS Summary
  7. Flow Log



----------------
; Legal Notice ;
----------------
Copyright (C) 1991-2012 Altera Corporation
Your use of Altera Corporation's design tools, logic functions 
and other software and tools, and its AMPP partner logic 
functions, and any output files from any of the foregoing 
(including device programming or simulation files), and any 
associated documentation or information are expressly subject 
to the terms and conditions of the Altera Program License 
Subscription Agreement, Altera MegaCore Function License 
Agreement, or other applicable license agreement, including, 
without limitation, that your use is for the sole purpose of 
programming logic devices manufactured by Altera and sold by 
Altera or its authorized distributors.  Please refer to the 
applicable agreement for further details.



+--------------------------------------------------------------------------------+
; Flow Summary                                                                   ;
+------------------------------------+-------------------------------------------+
; Flow Status                        ; Successful - Fri Feb  8 01:34:35 2013     ;
; Quartus II 32-bit Version          ; 12.1 Build 177 11/07/2012 SJ Full Version ;
; Revision Name                      ; DE2_TOP                                   ;
; Top-level Entity Name              ; DE2_TOP                                   ;
; Family                             ; Cyclone II                                ;
; Device                             ; EP2C35F672C6                              ;
; Timing Models                      ; Final                                     ;
; Total logic elements               ; 97 / 33,216 ( < 1 % )                     ;
;     Total combinational functions  ; 97 / 33,216 ( < 1 % )                     ;
;     Dedicated logic registers      ; 38 / 33,216 ( < 1 % )                     ;
; Total registers                    ; 38                                        ;
; Total pins                         ; 425 / 475 ( 89 % )                        ;
; Total virtual pins                 ; 0                                         ;
; Total memory bits                  ; 128 / 483,840 ( < 1 % )                   ;
; Embedded Multiplier 9-bit elements ; 0 / 70 ( 0 % )                            ;
; Total PLLs                         ; 0 / 4 ( 0 % )                             ;
+------------------------------------+-------------------------------------------+


+-----------------------------------------+
; Flow Settings                           ;
+-------------------+---------------------+
; Option            ; Setting             ;
+-------------------+---------------------+
; Start date & time ; 02/08/2013 01:34:02 ;
; Main task         ; Compilation         ;
; Revision Name     ; DE2_TOP             ;
+-------------------+---------------------+


+-----------------------------------------------------------------------------------------------------------------------------------+
; Flow Non-Default Global Settings                                                                                                  ;
+--------------------------------------------+---------------------------------------+---------------+-------------+----------------+
; Assignment Name                            ; Value                                 ; Default Value ; Entity Name ; Section Id     ;
+--------------------------------------------+---------------------------------------+---------------+-------------+----------------+
; COMPILER_SIGNATURE_ID                      ; 246917495095300.136030524130001       ; --            ; --          ; --             ;
; EDA_DESIGN_INSTANCE_NAME                   ; NA                                    ; --            ; --          ; --             ;
; EDA_INCLUDE_VHDL_CONFIGURATION_DECLARATION ; On                                    ; --            ; --          ; eda_simulation ;
; EDA_NATIVELINK_SIMULATION_TEST_BENCH       ; DE2_TOP                               ; --            ; --          ; eda_simulation ;
; EDA_OUTPUT_DATA_FORMAT                     ; Vhdl                                  ; --            ; --          ; eda_simulation ;
; EDA_SIMULATION_TOOL                        ; ModelSim-Altera (VHDL)                ; <None>        ; --          ; --             ;
; EDA_TEST_BENCH_ENABLE_STATUS               ; TEST_BENCH_MODE                       ; --            ; --          ; eda_simulation ;
; EDA_TEST_BENCH_FILE                        ; lab1_tb.vhd                           ; --            ; --          ; --             ;
; EDA_TEST_BENCH_MODULE_NAME                 ; DE2_TOP                               ; --            ; --          ; --             ;
; EDA_TEST_BENCH_NAME                        ; DE2_TOP                               ; --            ; --          ; eda_simulation ;
; EDA_TEST_BENCH_RUN_SIM_FOR                 ; 100 us                                ; --            ; --          ; --             ;
; FMAX_REQUIREMENT                           ; 50 MHz                                ; --            ; --          ; --             ;
; MAX_CORE_JUNCTION_TEMP                     ; 85                                    ; --            ; --          ; --             ;
; MIN_CORE_JUNCTION_TEMP                     ; 0                                     ; --            ; --          ; --             ;
; PARTITION_COLOR                            ; 2147039                               ; --            ; --          ; Top            ;
; PARTITION_FITTER_PRESERVATION_LEVEL        ; PLACEMENT_AND_ROUTING                 ; --            ; --          ; Top            ;
; PARTITION_NETLIST_TYPE                     ; SOURCE                                ; --            ; --          ; Top            ;
; POWER_BOARD_THERMAL_MODEL                  ; None (CONSERVATIVE)                   ; --            ; --          ; --             ;
; POWER_PRESET_COOLING_SOLUTION              ; 23 MM HEAT SINK WITH 200 LFPM AIRFLOW ; --            ; --          ; --             ;
+--------------------------------------------+---------------------------------------+---------------+-------------+----------------+


+-------------------------------------------------------------------------------------------------------------------------------+
; Flow Elapsed Time                                                                                                             ;
+---------------------------+--------------+-------------------------+---------------------+------------------------------------+
; Module Name               ; Elapsed Time ; Average Processors Used ; Peak Virtual Memory ; Total CPU Time (on all processors) ;
+---------------------------+--------------+-------------------------+---------------------+------------------------------------+
; Analysis & Synthesis      ; 00:00:05     ; 1.0                     ; 374 MB              ; 00:00:03                           ;
; Fitter                    ; 00:00:11     ; 1.4                     ; 466 MB              ; 00:00:13                           ;
; Assembler                 ; 00:00:05     ; 1.0                     ; 332 MB              ; 00:00:03                           ;
; TimeQuest Timing Analyzer ; 00:00:02     ; 1.0                     ; 298 MB              ; 00:00:01                           ;
; EDA Netlist Writer        ; 00:00:01     ; 1.0                     ; 296 MB              ; 00:00:01                           ;
; Total                     ; 00:00:24     ; --                      ; --                  ; 00:00:21                           ;
+---------------------------+--------------+-------------------------+---------------------+------------------------------------+


+--------------------------------------------------------------------------------------+
; Flow OS Summary                                                                      ;
+---------------------------+------------------+---------+------------+----------------+
; Module Name               ; Machine Hostname ; OS Name ; OS Version ; Processor type ;
+---------------------------+------------------+---------+------------+----------------+
; Analysis & Synthesis      ; micro6           ; Red Hat ; 5          ; x86_64         ;
; Fitter                    ; micro6           ; Red Hat ; 5          ; x86_64         ;
; Assembler                 ; micro6           ; Red Hat ; 5          ; x86_64         ;
; TimeQuest Timing Analyzer ; micro6           ; Red Hat ; 5          ; x86_64         ;
; EDA Netlist Writer        ; micro6           ; Red Hat ; 5          ; x86_64         ;
+---------------------------+------------------+---------+------------+----------------+


------------
; Flow Log ;
------------
quartus_map --read_settings_files=on --write_settings_files=off DE2_TOP -c DE2_TOP
quartus_fit --read_settings_files=off --write_settings_files=off DE2_TOP -c DE2_TOP
quartus_asm --read_settings_files=off --write_settings_files=off DE2_TOP -c DE2_TOP
quartus_sta DE2_TOP -c DE2_TOP
quartus_eda --read_settings_files=off --write_settings_files=off DE2_TOP -c DE2_TOP



